<?xml version="1.0" encoding="UTF-8"?>
<testsuite name="Tests" tests="2" skipped="0" failures="0" errors="0" timestamp="2021-04-30T01:29:55" hostname="1099L-BBOSS" time="0.021">
  <properties/>
  <testcase name="testPosition" classname="Tests" time="0.009"/>
  <testcase name="testPerson" classname="Tests" time="0.012"/>
  <system-out><![CDATA[]]></system-out>
  <system-err><![CDATA[]]></system-err>
</testsuite>
